****************************************
Report : Averaged Power
Design : c1908
Version: O-2018.06-SP4
Date   : Thu Jun  1 17:28:50 2023
****************************************



  Attributes
  ----------
      i  -  Including register clock pin internal power
      u  -  User defined power group

                        Internal  Switching  Leakage    Total
Power Group             Power     Power      Power      Power   (     %)  Attrs
--------------------------------------------------------------------------------
clock_network              0.0000    0.0000    0.0000    0.0000 ( 0.00%)  i
register                   0.0000    0.0000    0.0000    0.0000 ( 0.00%)  
combinational           1.387e-04 2.937e-04 7.686e-07 4.331e-04 (100.00%) 
sequential                 0.0000    0.0000    0.0000    0.0000 ( 0.00%)  
memory                     0.0000    0.0000    0.0000    0.0000 ( 0.00%)  
io_pad                     0.0000    0.0000    0.0000    0.0000 ( 0.00%)  
black_box                  0.0000    0.0000    0.0000    0.0000 ( 0.00%)  

  Net Switching Power  = 2.937e-04   (67.80%)
  Cell Internal Power  = 1.387e-04   (32.02%)
  Cell Leakage Power   = 7.686e-07   ( 0.18%)
                         ---------
Total Power            = 4.331e-04  (100.00%)

1
